<?xml version="1.0" encoding="UTF-8" ?>
<testsuite tests="4" failures="0" name="br.com.jhondbs.core.db.filter.NumberFilterTest" time="0.002" errors="0" skipped="0">
  <properties>
[...]
</properties>
  <testcase classname="br.com.jhondbs.core.db.filter.NumberFilterTest" name="testNumberSmaller" time="0"/>
  <testcase classname="br.com.jhondbs.core.db.filter.NumberFilterTest" name="testNumberBigger" time="0.001"/>
  <testcase classname="br.com.jhondbs.core.db.filter.NumberFilterTest" name="testNumberEquals" time="0"/>
  <testcase classname="br.com.jhondbs.core.db.filter.NumberFilterTest" name="testNumberBetween" time="0.001"/>
</testsuite>